# JRE version: OpenJDK Runtime Environment (8.0_76-b03) (build 1.8.0_76-release-b03)
# Java VM: OpenJDK 64-Bit Server VM (25.76-b03 mixed mode windows-amd64 compressed oops)
Heap:
 PSYoungGen      total 157184K, used 140700K [0x00000000e0000000, 0x00000000eb600000, 0x0000000100000000)
  eden space 149504K, 89% used [0x00000000e0000000,0x00000000e82350c8,0x00000000e9200000)
  from space 7680K, 95% used [0x00000000e9700000,0x00000000e9e31f48,0x00000000e9e80000)
  to   space 18432K, 0% used [0x00000000ea400000,0x00000000ea400000,0x00000000eb600000)
 ParOldGen       total 100352K, used 40321K [0x00000000a0000000, 0x00000000a6200000, 0x00000000e0000000)
  object space 100352K, 40% used [0x00000000a0000000,0x00000000a2760458,0x00000000a6200000)
 Metaspace       used 58471K, capacity 60748K, committed 60848K, reserved 1101824K
  class space    used 7806K, capacity 8325K, committed 8368K, reserved 1048576K
GC Heap History (10 events):
Event: 35.295 GC heap before
{Heap before GC invocations=14 (full 2):
 PSYoungGen      total 127488K, used 127472K [0x00000000e0000000, 0x00000000ea000000, 0x0000000100000000)
  eden space 116736K, 100% used [0x00000000e0000000,0x00000000e7200000,0x00000000e7200000)
  from space 10752K, 99% used [0x00000000e7200000,0x00000000e7c7c008,0x00000000e7c80000)
  to   space 13824K, 0% used [0x00000000e9280000,0x00000000e9280000,0x00000000ea000000)
 ParOldGen       total 100352K, used 24054K [0x00000000a0000000, 0x00000000a6200000, 0x00000000e0000000)
  object space 100352K, 23% used [0x00000000a0000000,0x00000000a177d858,0x00000000a6200000)
 Metaspace       used 50921K, capacity 52688K, committed 52784K, reserved 1095680K
  class space    used 6968K, capacity 7401K, committed 7472K, reserved 1048576K
Event: 35.354 GC heap after
Heap after GC invocations=14 (full 2):
 PSYoungGen      total 143872K, used 13792K [0x00000000e0000000, 0x00000000ebd00000, 0x0000000100000000)
  eden space 130048K, 0% used [0x00000000e0000000,0x00000000e0000000,0x00000000e7f00000)
  from space 13824K, 99% used [0x00000000e9280000,0x00000000e9ff8010,0x00000000ea000000)
  to   space 19968K, 0% used [0x00000000e7f00000,0x00000000e7f00000,0x00000000e9280000)
 ParOldGen       total 100352K, used 36348K [0x00000000a0000000, 0x00000000a6200000, 0x00000000e0000000)
  object space 100352K, 36% used [0x00000000a0000000,0x00000000a237f238,0x00000000a6200000)
 Metaspace       used 50921K, capacity 52688K, committed 52784K, reserved 1095680K
  class space    used 6968K, capacity 7401K, committed 7472K, reserved 1048576K
}
Event: 35.854 GC heap before
{Heap before GC invocations=15 (full 2):
 PSYoungGen      total 143872K, used 24748K [0x00000000e0000000, 0x00000000ebd00000, 0x0000000100000000)
  eden space 130048K, 8% used [0x00000000e0000000,0x00000000e0ab3130,0x00000000e7f00000)
  from space 13824K, 99% used [0x00000000e9280000,0x00000000e9ff8010,0x00000000ea000000)
  to   space 19968K, 0% used [0x00000000e7f00000,0x00000000e7f00000,0x00000000e9280000)
 ParOldGen       total 100352K, used 36348K [0x00000000a0000000, 0x00000000a6200000, 0x00000000e0000000)
  object space 100352K, 36% used [0x00000000a0000000,0x00000000a237f238,0x00000000a6200000)
 Metaspace       used 51721K, capacity 53730K, committed 53936K, reserved 1095680K
  class space    used 7078K, capacity 7540K, committed 7600K, reserved 1048576K
Event: 35.886 GC heap after
Heap after GC invocations=15 (full 2):
 PSYoungGen      total 150016K, used 1463K [0x00000000e0000000, 0x00000000ebe00000, 0x0000000100000000)
  eden space 130048K, 0% used [0x00000000e0000000,0x00000000e0000000,0x00000000e7f00000)
  from space 19968K, 7% used [0x00000000e7f00000,0x00000000e806dcb0,0x00000000e9280000)
  to   space 20480K, 0% used [0x00000000eaa00000,0x00000000eaa00000,0x00000000ebe00000)
 ParOldGen       total 100352K, used 50074K [0x00000000a0000000, 0x00000000a6200000, 0x00000000e0000000)
  object space 100352K, 49% used [0x00000000a0000000,0x00000000a30e6b08,0x00000000a6200000)
 Metaspace       used 51721K, capacity 53730K, committed 53936K, reserved 1095680K
  class space    used 7078K, capacity 7540K, committed 7600K, reserved 1048576K
}
Event: 35.886 GC heap before
{Heap before GC invocations=16 (full 3):
 PSYoungGen      total 150016K, used 1463K [0x00000000e0000000, 0x00000000ebe00000, 0x0000000100000000)
  eden space 130048K, 0% used [0x00000000e0000000,0x00000000e0000000,0x00000000e7f00000)
  from space 19968K, 7% used [0x00000000e7f00000,0x00000000e806dcb0,0x00000000e9280000)
  to   space 20480K, 0% used [0x00000000eaa00000,0x00000000eaa00000,0x00000000ebe00000)
 ParOldGen       total 100352K, used 50074K [0x00000000a0000000, 0x00000000a6200000, 0x00000000e0000000)
  object space 100352K, 49% used [0x00000000a0000000,0x00000000a30e6b08,0x00000000a6200000)
 Metaspace       used 51721K, capacity 53730K, committed 53936K, reserved 1095680K
  class space    used 7078K, capacity 7540K, committed 7600K, reserved 1048576K
Event: 36.411 GC heap after
Heap after GC invocations=16 (full 3):
 PSYoungGen      total 150016K, used 0K [0x00000000e0000000, 0x00000000ebe00000, 0x0000000100000000)
  eden space 130048K, 0% used [0x00000000e0000000,0x00000000e0000000,0x00000000e7f00000)
  from space 19968K, 0% used [0x00000000e7f00000,0x00000000e7f00000,0x00000000e9280000)
  to   space 20480K, 0% used [0x00000000eaa00000,0x00000000eaa00000,0x00000000ebe00000)
 ParOldGen       total 100352K, used 40305K [0x00000000a0000000, 0x00000000a6200000, 0x00000000e0000000)
  object space 100352K, 40% used [0x00000000a0000000,0x00000000a275c458,0x00000000a6200000)
 Metaspace       used 51721K, capacity 53730K, committed 53936K, reserved 1095680K
  class space    used 7078K, capacity 7540K, committed 7600K, reserved 1048576K
}
Event: 47.224 GC heap before
{Heap before GC invocations=17 (full 3):
 PSYoungGen      total 150016K, used 130048K [0x00000000e0000000, 0x00000000ebe00000, 0x0000000100000000)
  eden space 130048K, 100% used [0x00000000e0000000,0x00000000e7f00000,0x00000000e7f00000)
  from space 19968K, 0% used [0x00000000e7f00000,0x00000000e7f00000,0x00000000e9280000)
  to   space 20480K, 0% used [0x00000000eaa00000,0x00000000eaa00000,0x00000000ebe00000)
 ParOldGen       total 100352K, used 40305K [0x00000000a0000000, 0x00000000a6200000, 0x00000000e0000000)
  object space 100352K, 40% used [0x00000000a0000000,0x00000000a275c458,0x00000000a6200000)
 Metaspace       used 54538K, capacity 56598K, committed 56752K, reserved 1097728K
  class space    used 7381K, capacity 7840K, committed 7856K, reserved 1048576K
Event: 47.258 GC heap after
Heap after GC invocations=17 (full 3):
 PSYoungGen      total 175104K, used 7156K [0x00000000e0000000, 0x00000000ec900000, 0x0000000100000000)
  eden space 154624K, 0% used [0x00000000e0000000,0x00000000e0000000,0x00000000e9700000)
  from space 20480K, 34% used [0x00000000eaa00000,0x00000000eb0fd1f0,0x00000000ebe00000)
  to   space 19456K, 0% used [0x00000000e9700000,0x00000000e9700000,0x00000000eaa00000)
 ParOldGen       total 100352K, used 40313K [0x00000000a0000000, 0x00000000a6200000, 0x00000000e0000000)
  object space 100352K, 40% used [0x00000000a0000000,0x00000000a275e458,0x00000000a6200000)
 Metaspace       used 54538K, capacity 56598K, committed 56752K, reserved 1097728K
  class space    used 7381K, capacity 7840K, committed 7856K, reserved 1048576K
}
Event: 2021.617 GC heap before
{Heap before GC invocations=18 (full 3):
 PSYoungGen      total 175104K, used 161780K [0x00000000e0000000, 0x00000000ec900000, 0x0000000100000000)
  eden space 154624K, 100% used [0x00000000e0000000,0x00000000e9700000,0x00000000e9700000)
  from space 20480K, 34% used [0x00000000eaa00000,0x00000000eb0fd1f0,0x00000000ebe00000)
  to   space 19456K, 0% used [0x00000000e9700000,0x00000000e9700000,0x00000000eaa00000)
 ParOldGen       total 100352K, used 40313K [0x00000000a0000000, 0x00000000a6200000, 0x00000000e0000000)
  object space 100352K, 40% used [0x00000000a0000000,0x00000000a275e458,0x00000000a6200000)
 Metaspace       used 56558K, capacity 58810K, committed 59056K, reserved 1099776K
  class space    used 7636K, capacity 8104K, committed 8112K, reserved 1048576K
Event: 2021.811 GC heap after
Heap after GC invocations=18 (full 3):
 PSYoungGen      total 157184K, used 7367K [0x00000000e0000000, 0x00000000eb600000, 0x0000000100000000)
  eden space 149504K, 0% used [0x00000000e0000000,0x00000000e0000000,0x00000000e9200000)
  from space 7680K, 95% used [0x00000000e9700000,0x00000000e9e31f48,0x00000000e9e80000)
  to   space 18432K, 0% used [0x00000000ea400000,0x00000000ea400000,0x00000000eb600000)
 ParOldGen       total 100352K, used 40321K [0x00000000a0000000, 0x00000000a6200000, 0x00000000e0000000)
  object space 100352K, 40% used [0x00000000a0000000,0x00000000a2760458,0x00000000a6200000)
 Metaspace       used 56558K, capacity 58810K, committed 59056K, reserved 1099776K
  class space    used 7636K, capacity 8104K, committed 8112K, reserved 1048576K
}

